app/build/intermediates/manifest_merge_blame_file/debug/manifest-merger-blame-debug-report.txt
1<?xml version="1.0" encoding="utf-8"?>
2<!-- AndroidManifest.xml - 清单文件 -->
3<!-- 这是Android应用的核心配置文件，必须要有！ -->
4<!-- 作用：告诉Android系统这个应用有哪些组件，需要什么权限 -->
5<manifest xmlns:android="http://schemas.android.com/apk/res/android"
6    package="com.example.studentroomdemo"
7    android:versionCode="1"
8    android:versionName="1.0" >
9
10    <uses-sdk
11        android:minSdkVersion="24"
12        android:targetSdkVersion="34" />
13
14    <!-- 读取外部存储的权限 - 必要！ -->
15    <!-- 因为我们要从相册选择照片，需要读取存储的权限 -->
16    <!-- 但是Android 13+使用了新的photo picker，我们可以不强制要求权限 -->
17    <uses-permission
17-->src\main\AndroidManifest.xml:12:5-13:38
18        android:name="android.permission.READ_EXTERNAL_STORAGE"
18-->src\main\AndroidManifest.xml:12:22-77
19        android:maxSdkVersion="32" />
19-->src\main\AndroidManifest.xml:13:9-35
20
21    <permission
21-->[androidx.core:core:1.12.0] AndroidManifest.xml:22:5-24:47
22        android:name="com.example.studentroomdemo.DYNAMIC_RECEIVER_NOT_EXPORTED_PERMISSION"
22-->[androidx.core:core:1.12.0] AndroidManifest.xml:23:9-81
23        android:protectionLevel="signature" />
23-->[androidx.core:core:1.12.0] AndroidManifest.xml:24:9-44
24
25    <uses-permission android:name="com.example.studentroomdemo.DYNAMIC_RECEIVER_NOT_EXPORTED_PERMISSION" /> <!-- android:allowBackup="true" 表示允许应用备份数据 -->
25-->[androidx.core:core:1.12.0] AndroidManifest.xml:26:5-97
25-->[androidx.core:core:1.12.0] AndroidManifest.xml:26:22-94
26    <!-- 数据库也会被备份，这样卸载重装后数据还在 -->
27    <application
27-->src\main\AndroidManifest.xml:16:5-39:19
28        android:allowBackup="true"
28-->src\main\AndroidManifest.xml:18:9-35
29        android:appComponentFactory="androidx.core.app.CoreComponentFactory"
29-->[androidx.core:core:1.12.0] AndroidManifest.xml:28:18-86
30        android:debuggable="true"
31        android:extractNativeLibs="false"
32        android:icon="@mipmap/ic_launcher"
32-->src\main\AndroidManifest.xml:19:9-43
33        android:label="@string/app_name"
33-->src\main\AndroidManifest.xml:20:9-41
34        android:roundIcon="@mipmap/ic_launcher_round"
34-->src\main\AndroidManifest.xml:21:9-54
35        android:supportsRtl="true"
35-->src\main\AndroidManifest.xml:22:9-35
36        android:theme="@style/Theme.StudentRoomDemo" >
36-->src\main\AndroidManifest.xml:23:9-53
37
38        <!-- MainActivity - 我们的主界面 -->
39        <!-- intent-filter中的action和category表示这是主入口activity -->
40        <activity
40-->src\main\AndroidManifest.xml:28:9-37:20
41            android:name="com.example.studentroomdemo.MainActivity"
41-->src\main\AndroidManifest.xml:29:13-41
42            android:exported="true"
42-->src\main\AndroidManifest.xml:30:13-36
43            android:label="@string/app_name"
43-->src\main\AndroidManifest.xml:31:13-45
44            android:theme="@style/Theme.StudentRoomDemo" >
44-->src\main\AndroidManifest.xml:32:13-57
45            <intent-filter>
45-->src\main\AndroidManifest.xml:33:13-36:29
46                <action android:name="android.intent.action.MAIN" />
46-->src\main\AndroidManifest.xml:34:17-69
46-->src\main\AndroidManifest.xml:34:25-66
47
48                <category android:name="android.intent.category.LAUNCHER" />
48-->src\main\AndroidManifest.xml:35:17-77
48-->src\main\AndroidManifest.xml:35:27-74
49            </intent-filter>
50        </activity>
51
52        <provider
52-->[androidx.emoji2:emoji2:1.2.0] AndroidManifest.xml:24:9-32:20
53            android:name="androidx.startup.InitializationProvider"
53-->[androidx.emoji2:emoji2:1.2.0] AndroidManifest.xml:25:13-67
54            android:authorities="com.example.studentroomdemo.androidx-startup"
54-->[androidx.emoji2:emoji2:1.2.0] AndroidManifest.xml:26:13-68
55            android:exported="false" >
55-->[androidx.emoji2:emoji2:1.2.0] AndroidManifest.xml:27:13-37
56            <meta-data
56-->[androidx.emoji2:emoji2:1.2.0] AndroidManifest.xml:29:13-31:52
57                android:name="androidx.emoji2.text.EmojiCompatInitializer"
57-->[androidx.emoji2:emoji2:1.2.0] AndroidManifest.xml:30:17-75
58                android:value="androidx.startup" />
58-->[androidx.emoji2:emoji2:1.2.0] AndroidManifest.xml:31:17-49
59            <meta-data
59-->[androidx.lifecycle:lifecycle-process:2.7.0] AndroidManifest.xml:29:13-31:52
60                android:name="androidx.lifecycle.ProcessLifecycleInitializer"
60-->[androidx.lifecycle:lifecycle-process:2.7.0] AndroidManifest.xml:30:17-78
61                android:value="androidx.startup" />
61-->[androidx.lifecycle:lifecycle-process:2.7.0] AndroidManifest.xml:31:17-49
62            <meta-data
62-->[androidx.profileinstaller:profileinstaller:1.3.0] AndroidManifest.xml:29:13-31:52
63                android:name="androidx.profileinstaller.ProfileInstallerInitializer"
63-->[androidx.profileinstaller:profileinstaller:1.3.0] AndroidManifest.xml:30:17-85
64                android:value="androidx.startup" />
64-->[androidx.profileinstaller:profileinstaller:1.3.0] AndroidManifest.xml:31:17-49
65        </provider>
66
67        <service
67-->[androidx.room:room-runtime:2.6.1] AndroidManifest.xml:24:9-28:63
68            android:name="androidx.room.MultiInstanceInvalidationService"
68-->[androidx.room:room-runtime:2.6.1] AndroidManifest.xml:25:13-74
69            android:directBootAware="true"
69-->[androidx.room:room-runtime:2.6.1] AndroidManifest.xml:26:13-43
70            android:exported="false" />
70-->[androidx.room:room-runtime:2.6.1] AndroidManifest.xml:27:13-37
71
72        <receiver
72-->[androidx.profileinstaller:profileinstaller:1.3.0] AndroidManifest.xml:34:9-52:20
73            android:name="androidx.profileinstaller.ProfileInstallReceiver"
73-->[androidx.profileinstaller:profileinstaller:1.3.0] AndroidManifest.xml:35:13-76
74            android:directBootAware="false"
74-->[androidx.profileinstaller:profileinstaller:1.3.0] AndroidManifest.xml:36:13-44
75            android:enabled="true"
75-->[androidx.profileinstaller:profileinstaller:1.3.0] AndroidManifest.xml:37:13-35
76            android:exported="true"
76-->[androidx.profileinstaller:profileinstaller:1.3.0] AndroidManifest.xml:38:13-36
77            android:permission="android.permission.DUMP" >
77-->[androidx.profileinstaller:profileinstaller:1.3.0] AndroidManifest.xml:39:13-57
78            <intent-filter>
78-->[androidx.profileinstaller:profileinstaller:1.3.0] AndroidManifest.xml:40:13-42:29
79                <action android:name="androidx.profileinstaller.action.INSTALL_PROFILE" />
79-->[androidx.profileinstaller:profileinstaller:1.3.0] AndroidManifest.xml:41:17-91
79-->[androidx.profileinstaller:profileinstaller:1.3.0] AndroidManifest.xml:41:25-88
80            </intent-filter>
81            <intent-filter>
81-->[androidx.profileinstaller:profileinstaller:1.3.0] AndroidManifest.xml:43:13-45:29
82                <action android:name="androidx.profileinstaller.action.SKIP_FILE" />
82-->[androidx.profileinstaller:profileinstaller:1.3.0] AndroidManifest.xml:44:17-85
82-->[androidx.profileinstaller:profileinstaller:1.3.0] AndroidManifest.xml:44:25-82
83            </intent-filter>
84            <intent-filter>
84-->[androidx.profileinstaller:profileinstaller:1.3.0] AndroidManifest.xml:46:13-48:29
85                <action android:name="androidx.profileinstaller.action.SAVE_PROFILE" />
85-->[androidx.profileinstaller:profileinstaller:1.3.0] AndroidManifest.xml:47:17-88
85-->[androidx.profileinstaller:profileinstaller:1.3.0] AndroidManifest.xml:47:25-85
86            </intent-filter>
87            <intent-filter>
87-->[androidx.profileinstaller:profileinstaller:1.3.0] AndroidManifest.xml:49:13-51:29
88                <action android:name="androidx.profileinstaller.action.BENCHMARK_OPERATION" />
88-->[androidx.profileinstaller:profileinstaller:1.3.0] AndroidManifest.xml:50:17-95
88-->[androidx.profileinstaller:profileinstaller:1.3.0] AndroidManifest.xml:50:25-92
89            </intent-filter>
90        </receiver>
91    </application>
92
93</manifest>